<?xml version="1.0" encoding="UTF-8"?>
<!-- Generated by org.testng.reporters.JUnitXMLReporter -->
<testsuite ignored="0" hostname="DESKTOP-9CG3S45" failures="0" tests="5" name="Test" time="222.496" errors="0" timestamp="2025-06-04T16:45:32 IST">
  <testcase classname="testFiles.TC1_LoginToAmazon" name="loginToAmazon" time="14.83"/>
  <testcase classname="testFiles.TC2_LoginToAmazon_SearchProduct_AddToWishlist" name="loginToAmazonSearchProductAddwishlist" time="28.081"/>
  <testcase classname="testFiles.TC3_LoginToAmazon_SearchProduct_AddToCart" name="loginToAmazonSearchProductAddCart" time="35.579"/>
  <testcase classname="testFiles.TC4_LoginToAmazon_AddNewAddress_Logout" name="loginToAmazonAddNewAddressLogout" time="43.733"/>
  <testcase classname="testFiles.TC5_LoginToAmazon_FindBrokenLinksHomepage_Logout" name="brokenLinks" time="48.089"/>
</testsuite> <!-- Test -->
