<?xml version="1.0" encoding="UTF-8"?>
<!-- Generated by org.testng.reporters.JUnitXMLReporter -->
<testsuite ignored="0" hostname="DESKTOP-9CG3S45" failures="1" tests="5" name="Test" time="222.367" errors="0" timestamp="2025-06-04T16:21:18 IST">
  <testcase classname="testFiles.TC1_LoginToAmazon" name="loginToAmazon" time="12.982"/>
  <testcase classname="testFiles.TC2_LoginToAmazon_SearchProduct_AddToWishlist" name="loginToAmazonSearchProductAddwishlist" time="28.058"/>
  <testcase classname="testFiles.TC3_LoginToAmazon_SearchProduct_AddToCart" name="loginToAmazonSearchProductAddCart" time="31.31"/>
  <testcase classname="testFiles.TC4_LoginToAmazon_AddNewAddress_Logout" name="loginToAmazonAddNewAddressLogout" time="49.494">
    <failure type="org.openqa.selenium.ElementNotInteractableException" message="element not interactable
  (Session info: MicrosoftEdge=137.0.3296.52)
Build info: version: &amp;apos;4.31.0&amp;apos;, revision: &amp;apos;1ef9f18787*&amp;apos;
System info: os.name: &amp;apos;Windows 11&amp;apos;, os.arch: &amp;apos;amd64&amp;apos;, os.version: &amp;apos;10.0&amp;apos;, java.version: &amp;apos;21.0.6&amp;apos;
Driver info: org.openqa.selenium.edge.EdgeDriver
Command: [10df1687a8834bc26ab256a04ab0010e, clickElement {id=f.7A6D4FE16AD2028D638CE412115BA1DF.d.04953DBB64F98A4C138FFFC7639764D9.e.498}]
Capabilities {acceptInsecureCerts: false, browserName: MicrosoftEdge, browserVersion: 137.0.3296.52, fedcm:accounts: true, ms:edgeOptions: {debuggerAddress: localhost:57967}, msedge: {msedgedriverVersion: 137.0.3296.62 (ab09be0c363d..., userDataDir: C:\Users\PRANJA~1\AppData\L...}, networkConnectionEnabled: false, pageLoadStrategy: normal, platformName: windows, proxy: Proxy(), se:cdp: ws://localhost:57967/devtoo..., se:cdpVersion: 137.0.3296.52, setWindowRect: true, strictFileInteractability: false, timeouts: {implicit: 0, pageLoad: 300000, script: 30000}, unhandledPromptBehavior: dismiss and notify, webauthn:extension:credBlob: true, webauthn:extension:largeBlob: true, webauthn:extension:minPinLength: true, webauthn:extension:prf: true, webauthn:virtualAuthenticators: true}
Element: [[EdgeDriver: MicrosoftEdge on windows (10df1687a8834bc26ab256a04ab0010e)] -&amp;gt; xpath: //span[text()=&amp;apos;Sign Out&amp;apos;]]
Session ID: 10df1687a8834bc26ab256a04ab0010e">
      <![CDATA[org.openqa.selenium.ElementNotInteractableException: element not interactable
  (Session info: MicrosoftEdge=137.0.3296.52)
Build info: version: '4.31.0', revision: '1ef9f18787*'
System info: os.name: 'Windows 11', os.arch: 'amd64', os.version: '10.0', java.version: '21.0.6'
Driver info: org.openqa.selenium.edge.EdgeDriver
Command: [10df1687a8834bc26ab256a04ab0010e, clickElement {id=f.7A6D4FE16AD2028D638CE412115BA1DF.d.04953DBB64F98A4C138FFFC7639764D9.e.498}]
Capabilities {acceptInsecureCerts: false, browserName: MicrosoftEdge, browserVersion: 137.0.3296.52, fedcm:accounts: true, ms:edgeOptions: {debuggerAddress: localhost:57967}, msedge: {msedgedriverVersion: 137.0.3296.62 (ab09be0c363d..., userDataDir: C:\Users\PRANJA~1\AppData\L...}, networkConnectionEnabled: false, pageLoadStrategy: normal, platformName: windows, proxy: Proxy(), se:cdp: ws://localhost:57967/devtoo..., se:cdpVersion: 137.0.3296.52, setWindowRect: true, strictFileInteractability: false, timeouts: {implicit: 0, pageLoad: 300000, script: 30000}, unhandledPromptBehavior: dismiss and notify, webauthn:extension:credBlob: true, webauthn:extension:largeBlob: true, webauthn:extension:minPinLength: true, webauthn:extension:prf: true, webauthn:virtualAuthenticators: true}
Element: [[EdgeDriver: MicrosoftEdge on windows (10df1687a8834bc26ab256a04ab0010e)] -> xpath: //span[text()='Sign Out']]
Session ID: 10df1687a8834bc26ab256a04ab0010e
at org.openqa.selenium.remote.ErrorCodec.decode(ErrorCodec.java:167)
at org.openqa.selenium.remote.codec.w3c.W3CHttpResponseCodec.decode(W3CHttpResponseCodec.java:138)
at org.openqa.selenium.remote.codec.w3c.W3CHttpResponseCodec.decode(W3CHttpResponseCodec.java:50)
at org.openqa.selenium.remote.HttpCommandExecutor.execute(HttpCommandExecutor.java:215)
at org.openqa.selenium.remote.service.DriverCommandExecutor.invokeExecute(DriverCommandExecutor.java:216)
at org.openqa.selenium.remote.service.DriverCommandExecutor.execute(DriverCommandExecutor.java:174)
at org.openqa.selenium.remote.RemoteWebDriver.execute(RemoteWebDriver.java:545)
at org.openqa.selenium.remote.RemoteWebElement.execute(RemoteWebElement.java:223)
at org.openqa.selenium.remote.RemoteWebElement.click(RemoteWebElement.java:76)
at org.openqa.selenium.support.pagefactory.internal.LocatingElementHandler.invoke(LocatingElementHandler.java:51)
at jdk.proxy2/jdk.proxy2.$Proxy9.click(Unknown Source)
at sourceFiles.Amazon_HomePage.clickOnSignout(Amazon_HomePage.java:70)
at testFiles.TC4_LoginToAmazon_AddNewAddress_Logout.loginToAmazonAddNewAddressLogout(TC4_LoginToAmazon_AddNewAddress_Logout.java:33)
at java.base/java.util.ArrayList.forEach(ArrayList.java:1596)
... Removed 34 stack frames]]>
    </failure>
  </testcase> <!-- loginToAmazonAddNewAddressLogout -->
  <testcase classname="testFiles.TC5_LoginToAmazon_FindBrokenLinksHomepage_Logout" name="brokenLinks" time="46.835"/>
</testsuite> <!-- Test -->
