<?xml version="1.0" encoding="UTF-8"?>
<testng-results ignored="0" total="5" passed="4" failed="1" skipped="0">
  <reporter-output>
    <line>
      <![CDATA[Browser is successfully launched]]>
    </line>
    <line>
      <![CDATA[Browser is successfully closed]]>
    </line>
    <line>
      <![CDATA[Browser is successfully launched]]>
    </line>
    <line>
      <![CDATA[Moving control from parent to child window]]>
    </line>
    <line>
      <![CDATA[Browser is successfully closed]]>
    </line>
    <line>
      <![CDATA[Browser is successfully launched]]>
    </line>
    <line>
      <![CDATA[Moving control from parent to child window]]>
    </line>
    <line>
      <![CDATA[Browser is successfully closed]]>
    </line>
    <line>
      <![CDATA[Browser is successfully launched]]>
    </line>
    <line>
      <![CDATA[Browser is successfully closed]]>
    </line>
    <line>
      <![CDATA[Browser is successfully launched]]>
    </line>
    <line>
      <![CDATA[Browser is successfully closed]]>
    </line>
  </reporter-output>
  <suite started-at="2025-06-04T16:17:36 IST" name="Suite" finished-at="2025-06-04T16:21:18 IST" duration-ms="222367">
    <groups>
    </groups>
    <test started-at="2025-06-04T16:17:36 IST" name="Test" finished-at="2025-06-04T16:21:18 IST" duration-ms="222367">
      <class name="testFiles.TC3_LoginToAmazon_SearchProduct_AddToCart">
        <test-method is-config="true" signature="loginAmazon()[pri:0, instance:testFiles.TC3_LoginToAmazon_SearchProduct_AddToCart@661972b0]" started-at="2025-06-04T16:18:38 IST" name="loginAmazon" finished-at="2025-06-04T16:18:48 IST" duration-ms="10068" status="PASS">
          <reporter-output>
            <line>
              <![CDATA[Browser is successfully launched]]>
            </line>
          </reporter-output>
        </test-method> <!-- loginAmazon -->
        <test-method signature="loginToAmazonSearchProductAddCart()[pri:0, instance:testFiles.TC3_LoginToAmazon_SearchProduct_AddToCart@661972b0]" started-at="2025-06-04T16:18:48 IST" name="loginToAmazonSearchProductAddCart" finished-at="2025-06-04T16:19:20 IST" duration-ms="31310" status="PASS">
          <reporter-output>
            <line>
              <![CDATA[Moving control from parent to child window]]>
            </line>
          </reporter-output>
        </test-method> <!-- loginToAmazonSearchProductAddCart -->
        <test-method is-config="true" signature="logoutAmazon()[pri:0, instance:testFiles.TC3_LoginToAmazon_SearchProduct_AddToCart@661972b0]" started-at="2025-06-04T16:19:20 IST" name="logoutAmazon" finished-at="2025-06-04T16:19:20 IST" duration-ms="202" status="PASS">
          <reporter-output>
            <line>
              <![CDATA[Browser is successfully closed]]>
            </line>
          </reporter-output>
        </test-method> <!-- logoutAmazon -->
      </class> <!-- testFiles.TC3_LoginToAmazon_SearchProduct_AddToCart -->
      <class name="testFiles.TC4_LoginToAmazon_AddNewAddress_Logout">
        <test-method is-config="true" signature="loginAmazon()[pri:0, instance:testFiles.TC4_LoginToAmazon_AddNewAddress_Logout@5af3afd9]" started-at="2025-06-04T16:19:20 IST" name="loginAmazon" finished-at="2025-06-04T16:19:31 IST" duration-ms="11129" status="PASS">
          <reporter-output>
            <line>
              <![CDATA[Browser is successfully launched]]>
            </line>
          </reporter-output>
        </test-method> <!-- loginAmazon -->
        <test-method signature="loginToAmazonAddNewAddressLogout()[pri:0, instance:testFiles.TC4_LoginToAmazon_AddNewAddress_Logout@5af3afd9]" started-at="2025-06-04T16:19:31 IST" name="loginToAmazonAddNewAddressLogout" finished-at="2025-06-04T16:20:21 IST" duration-ms="49494" status="FAIL">
          <exception class="org.openqa.selenium.ElementNotInteractableException">
            <message>
              <![CDATA[element not interactable
  (Session info: MicrosoftEdge=137.0.3296.52)
Build info: version: '4.31.0', revision: '1ef9f18787*'
System info: os.name: 'Windows 11', os.arch: 'amd64', os.version: '10.0', java.version: '21.0.6'
Driver info: org.openqa.selenium.edge.EdgeDriver
Command: [10df1687a8834bc26ab256a04ab0010e, clickElement {id=f.7A6D4FE16AD2028D638CE412115BA1DF.d.04953DBB64F98A4C138FFFC7639764D9.e.498}]
Capabilities {acceptInsecureCerts: false, browserName: MicrosoftEdge, browserVersion: 137.0.3296.52, fedcm:accounts: true, ms:edgeOptions: {debuggerAddress: localhost:57967}, msedge: {msedgedriverVersion: 137.0.3296.62 (ab09be0c363d..., userDataDir: C:\Users\PRANJA~1\AppData\L...}, networkConnectionEnabled: false, pageLoadStrategy: normal, platformName: windows, proxy: Proxy(), se:cdp: ws://localhost:57967/devtoo..., se:cdpVersion: 137.0.3296.52, setWindowRect: true, strictFileInteractability: false, timeouts: {implicit: 0, pageLoad: 300000, script: 30000}, unhandledPromptBehavior: dismiss and notify, webauthn:extension:credBlob: true, webauthn:extension:largeBlob: true, webauthn:extension:minPinLength: true, webauthn:extension:prf: true, webauthn:virtualAuthenticators: true}
Element: [[EdgeDriver: MicrosoftEdge on windows (10df1687a8834bc26ab256a04ab0010e)] -> xpath: //span[text()='Sign Out']]
Session ID: 10df1687a8834bc26ab256a04ab0010e]]>
            </message>
            <full-stacktrace>
              <![CDATA[org.openqa.selenium.ElementNotInteractableException: element not interactable
  (Session info: MicrosoftEdge=137.0.3296.52)
Build info: version: '4.31.0', revision: '1ef9f18787*'
System info: os.name: 'Windows 11', os.arch: 'amd64', os.version: '10.0', java.version: '21.0.6'
Driver info: org.openqa.selenium.edge.EdgeDriver
Command: [10df1687a8834bc26ab256a04ab0010e, clickElement {id=f.7A6D4FE16AD2028D638CE412115BA1DF.d.04953DBB64F98A4C138FFFC7639764D9.e.498}]
Capabilities {acceptInsecureCerts: false, browserName: MicrosoftEdge, browserVersion: 137.0.3296.52, fedcm:accounts: true, ms:edgeOptions: {debuggerAddress: localhost:57967}, msedge: {msedgedriverVersion: 137.0.3296.62 (ab09be0c363d..., userDataDir: C:\Users\PRANJA~1\AppData\L...}, networkConnectionEnabled: false, pageLoadStrategy: normal, platformName: windows, proxy: Proxy(), se:cdp: ws://localhost:57967/devtoo..., se:cdpVersion: 137.0.3296.52, setWindowRect: true, strictFileInteractability: false, timeouts: {implicit: 0, pageLoad: 300000, script: 30000}, unhandledPromptBehavior: dismiss and notify, webauthn:extension:credBlob: true, webauthn:extension:largeBlob: true, webauthn:extension:minPinLength: true, webauthn:extension:prf: true, webauthn:virtualAuthenticators: true}
Element: [[EdgeDriver: MicrosoftEdge on windows (10df1687a8834bc26ab256a04ab0010e)] -> xpath: //span[text()='Sign Out']]
Session ID: 10df1687a8834bc26ab256a04ab0010e
at java.base/jdk.internal.reflect.DirectConstructorHandleAccessor.newInstance(DirectConstructorHandleAccessor.java:62)
at java.base/java.lang.reflect.Constructor.newInstanceWithCaller(Constructor.java:502)
at java.base/java.lang.reflect.Constructor.newInstance(Constructor.java:486)
at org.openqa.selenium.remote.ErrorCodec.decode(ErrorCodec.java:167)
at org.openqa.selenium.remote.codec.w3c.W3CHttpResponseCodec.decode(W3CHttpResponseCodec.java:138)
at org.openqa.selenium.remote.codec.w3c.W3CHttpResponseCodec.decode(W3CHttpResponseCodec.java:50)
at org.openqa.selenium.remote.HttpCommandExecutor.execute(HttpCommandExecutor.java:215)
at org.openqa.selenium.remote.service.DriverCommandExecutor.invokeExecute(DriverCommandExecutor.java:216)
at org.openqa.selenium.remote.service.DriverCommandExecutor.execute(DriverCommandExecutor.java:174)
at org.openqa.selenium.remote.RemoteWebDriver.execute(RemoteWebDriver.java:545)
at org.openqa.selenium.remote.RemoteWebElement.execute(RemoteWebElement.java:223)
at org.openqa.selenium.remote.RemoteWebElement.click(RemoteWebElement.java:76)
at java.base/jdk.internal.reflect.DirectMethodHandleAccessor.invoke(DirectMethodHandleAccessor.java:103)
at java.base/java.lang.reflect.Method.invoke(Method.java:580)
at org.openqa.selenium.support.pagefactory.internal.LocatingElementHandler.invoke(LocatingElementHandler.java:51)
at jdk.proxy2/jdk.proxy2.$Proxy9.click(Unknown Source)
at sourceFiles.Amazon_HomePage.clickOnSignout(Amazon_HomePage.java:70)
at testFiles.TC4_LoginToAmazon_AddNewAddress_Logout.loginToAmazonAddNewAddressLogout(TC4_LoginToAmazon_AddNewAddress_Logout.java:33)
at java.base/jdk.internal.reflect.DirectMethodHandleAccessor.invoke(DirectMethodHandleAccessor.java:103)
at java.base/java.lang.reflect.Method.invoke(Method.java:580)
at org.testng.internal.invokers.MethodInvocationHelper.invokeMethod(MethodInvocationHelper.java:141)
at org.testng.internal.invokers.TestInvoker.invokeMethod(TestInvoker.java:686)
at org.testng.internal.invokers.TestInvoker.invokeTestMethod(TestInvoker.java:230)
at org.testng.internal.invokers.MethodRunner.runInSequence(MethodRunner.java:63)
at org.testng.internal.invokers.TestInvoker$MethodInvocationAgent.invoke(TestInvoker.java:992)
at org.testng.internal.invokers.TestInvoker.invokeTestMethods(TestInvoker.java:203)
at org.testng.internal.invokers.TestMethodWorker.invokeTestMethods(TestMethodWorker.java:154)
at org.testng.internal.invokers.TestMethodWorker.run(TestMethodWorker.java:134)
at java.base/java.util.ArrayList.forEach(ArrayList.java:1596)
at org.testng.TestRunner.privateRun(TestRunner.java:739)
at org.testng.TestRunner.run(TestRunner.java:614)
at org.testng.SuiteRunner.runTest(SuiteRunner.java:421)
at org.testng.SuiteRunner.runSequentially(SuiteRunner.java:413)
at org.testng.SuiteRunner.privateRun(SuiteRunner.java:373)
at org.testng.SuiteRunner.run(SuiteRunner.java:312)
at org.testng.SuiteRunnerWorker.runSuite(SuiteRunnerWorker.java:52)
at org.testng.SuiteRunnerWorker.run(SuiteRunnerWorker.java:95)
at org.testng.TestNG.runSuitesSequentially(TestNG.java:1274)
at org.testng.TestNG.runSuitesLocally(TestNG.java:1208)
at org.testng.TestNG.runSuites(TestNG.java:1112)
at org.testng.TestNG.run(TestNG.java:1079)
at org.apache.maven.surefire.testng.TestNGExecutor.run(TestNGExecutor.java:324)
at org.apache.maven.surefire.testng.TestNGXmlTestSuite.execute(TestNGXmlTestSuite.java:74)
at org.apache.maven.surefire.testng.TestNGProvider.invoke(TestNGProvider.java:123)
at org.apache.maven.surefire.booter.ForkedBooter.runSuitesInProcess(ForkedBooter.java:456)
at org.apache.maven.surefire.booter.ForkedBooter.execute(ForkedBooter.java:169)
at org.apache.maven.surefire.booter.ForkedBooter.run(ForkedBooter.java:595)
at org.apache.maven.surefire.booter.ForkedBooter.main(ForkedBooter.java:581)
]]>
            </full-stacktrace>
          </exception> <!-- org.openqa.selenium.ElementNotInteractableException -->
          <reporter-output>
          </reporter-output>
        </test-method> <!-- loginToAmazonAddNewAddressLogout -->
        <test-method is-config="true" signature="logoutAmazon()[pri:0, instance:testFiles.TC4_LoginToAmazon_AddNewAddress_Logout@5af3afd9]" started-at="2025-06-04T16:20:21 IST" name="logoutAmazon" finished-at="2025-06-04T16:20:21 IST" duration-ms="249" status="PASS">
          <reporter-output>
            <line>
              <![CDATA[Browser is successfully closed]]>
            </line>
          </reporter-output>
        </test-method> <!-- logoutAmazon -->
      </class> <!-- testFiles.TC4_LoginToAmazon_AddNewAddress_Logout -->
      <class name="testFiles.TC5_LoginToAmazon_FindBrokenLinksHomepage_Logout">
        <test-method is-config="true" signature="loginAmazon()[pri:0, instance:testFiles.TC5_LoginToAmazon_FindBrokenLinksHomepage_Logout@323b36e0]" started-at="2025-06-04T16:20:21 IST" name="loginAmazon" finished-at="2025-06-04T16:20:31 IST" duration-ms="10411" status="PASS">
          <reporter-output>
            <line>
              <![CDATA[Browser is successfully launched]]>
            </line>
          </reporter-output>
        </test-method> <!-- loginAmazon -->
        <test-method signature="brokenLinks()[pri:0, instance:testFiles.TC5_LoginToAmazon_FindBrokenLinksHomepage_Logout@323b36e0]" started-at="2025-06-04T16:20:31 IST" name="brokenLinks" finished-at="2025-06-04T16:21:18 IST" duration-ms="46835" status="PASS">
          <reporter-output>
          </reporter-output>
        </test-method> <!-- brokenLinks -->
        <test-method is-config="true" signature="logoutAmazon()[pri:0, instance:testFiles.TC5_LoginToAmazon_FindBrokenLinksHomepage_Logout@323b36e0]" started-at="2025-06-04T16:21:18 IST" name="logoutAmazon" finished-at="2025-06-04T16:21:18 IST" duration-ms="182" status="PASS">
          <reporter-output>
            <line>
              <![CDATA[Browser is successfully closed]]>
            </line>
          </reporter-output>
        </test-method> <!-- logoutAmazon -->
      </class> <!-- testFiles.TC5_LoginToAmazon_FindBrokenLinksHomepage_Logout -->
      <class name="testFiles.TC2_LoginToAmazon_SearchProduct_AddToWishlist">
        <test-method is-config="true" signature="loginAmazon()[pri:0, instance:testFiles.TC2_LoginToAmazon_SearchProduct_AddToWishlist@3bb9a3ff]" started-at="2025-06-04T16:18:00 IST" name="loginAmazon" finished-at="2025-06-04T16:18:10 IST" duration-ms="9965" status="PASS">
          <reporter-output>
            <line>
              <![CDATA[Browser is successfully launched]]>
            </line>
          </reporter-output>
        </test-method> <!-- loginAmazon -->
        <test-method signature="loginToAmazonSearchProductAddwishlist()[pri:0, instance:testFiles.TC2_LoginToAmazon_SearchProduct_AddToWishlist@3bb9a3ff]" started-at="2025-06-04T16:18:10 IST" name="loginToAmazonSearchProductAddwishlist" finished-at="2025-06-04T16:18:38 IST" duration-ms="28058" status="PASS">
          <reporter-output>
            <line>
              <![CDATA[Moving control from parent to child window]]>
            </line>
          </reporter-output>
        </test-method> <!-- loginToAmazonSearchProductAddwishlist -->
        <test-method is-config="true" signature="logoutAmazon()[pri:0, instance:testFiles.TC2_LoginToAmazon_SearchProduct_AddToWishlist@3bb9a3ff]" started-at="2025-06-04T16:18:38 IST" name="logoutAmazon" finished-at="2025-06-04T16:18:38 IST" duration-ms="114" status="PASS">
          <reporter-output>
            <line>
              <![CDATA[Browser is successfully closed]]>
            </line>
          </reporter-output>
        </test-method> <!-- logoutAmazon -->
      </class> <!-- testFiles.TC2_LoginToAmazon_SearchProduct_AddToWishlist -->
      <class name="testFiles.TC1_LoginToAmazon">
        <test-method is-config="true" signature="loginAmazon()[pri:0, instance:testFiles.TC1_LoginToAmazon@3c407114]" started-at="2025-06-04T16:17:36 IST" name="loginAmazon" finished-at="2025-06-04T16:17:47 IST" duration-ms="10969" status="PASS">
          <reporter-output>
            <line>
              <![CDATA[Browser is successfully launched]]>
            </line>
          </reporter-output>
        </test-method> <!-- loginAmazon -->
        <test-method signature="loginToAmazon()[pri:0, instance:testFiles.TC1_LoginToAmazon@3c407114]" started-at="2025-06-04T16:17:47 IST" name="loginToAmazon" finished-at="2025-06-04T16:18:00 IST" duration-ms="12982" status="PASS">
          <reporter-output>
          </reporter-output>
        </test-method> <!-- loginToAmazon -->
        <test-method is-config="true" signature="logoutAmazon()[pri:0, instance:testFiles.TC1_LoginToAmazon@3c407114]" started-at="2025-06-04T16:18:00 IST" name="logoutAmazon" finished-at="2025-06-04T16:18:00 IST" duration-ms="329" status="PASS">
          <reporter-output>
            <line>
              <![CDATA[Browser is successfully closed]]>
            </line>
          </reporter-output>
        </test-method> <!-- logoutAmazon -->
      </class> <!-- testFiles.TC1_LoginToAmazon -->
    </test> <!-- Test -->
  </suite> <!-- Suite -->
</testng-results>
