<?xml version="1.0" encoding="UTF-8"?>
<testng-results ignored="0" total="5" passed="5" failed="0" skipped="0">
  <reporter-output>
    <line>
      <![CDATA[Browser is successfully launched]]>
    </line>
    <line>
      <![CDATA[Browser is successfully closed]]>
    </line>
    <line>
      <![CDATA[Browser is successfully launched]]>
    </line>
    <line>
      <![CDATA[Moving control from parent to child window]]>
    </line>
    <line>
      <![CDATA[Browser is successfully closed]]>
    </line>
    <line>
      <![CDATA[Browser is successfully launched]]>
    </line>
    <line>
      <![CDATA[Moving control from parent to child window]]>
    </line>
    <line>
      <![CDATA[Browser is successfully closed]]>
    </line>
    <line>
      <![CDATA[Browser is successfully launched]]>
    </line>
    <line>
      <![CDATA[Browser is successfully closed]]>
    </line>
    <line>
      <![CDATA[Browser is successfully launched]]>
    </line>
    <line>
      <![CDATA[Browser is successfully closed]]>
    </line>
  </reporter-output>
  <suite started-at="2025-06-04T16:41:50 IST" name="Suite" finished-at="2025-06-04T16:45:32 IST" duration-ms="222496">
    <groups>
    </groups>
    <test started-at="2025-06-04T16:41:50 IST" name="Test" finished-at="2025-06-04T16:45:32 IST" duration-ms="222496">
      <class name="testFiles.TC3_LoginToAmazon_SearchProduct_AddToCart">
        <test-method is-config="true" signature="loginAmazon()[pri:0, instance:testFiles.TC3_LoginToAmazon_SearchProduct_AddToCart@77c2494c]" started-at="2025-06-04T16:42:53 IST" name="loginAmazon" finished-at="2025-06-04T16:43:04 IST" duration-ms="10798" status="PASS">
          <reporter-output>
            <line>
              <![CDATA[Browser is successfully launched]]>
            </line>
          </reporter-output>
        </test-method> <!-- loginAmazon -->
        <test-method signature="loginToAmazonSearchProductAddCart()[pri:0, instance:testFiles.TC3_LoginToAmazon_SearchProduct_AddToCart@77c2494c]" started-at="2025-06-04T16:43:04 IST" name="loginToAmazonSearchProductAddCart" finished-at="2025-06-04T16:43:39 IST" duration-ms="35579" status="PASS">
          <reporter-output>
            <line>
              <![CDATA[Moving control from parent to child window]]>
            </line>
          </reporter-output>
        </test-method> <!-- loginToAmazonSearchProductAddCart -->
        <test-method is-config="true" signature="logoutAmazon()[pri:0, instance:testFiles.TC3_LoginToAmazon_SearchProduct_AddToCart@77c2494c]" started-at="2025-06-04T16:43:39 IST" name="logoutAmazon" finished-at="2025-06-04T16:43:39 IST" duration-ms="83" status="PASS">
          <reporter-output>
            <line>
              <![CDATA[Browser is successfully closed]]>
            </line>
          </reporter-output>
        </test-method> <!-- logoutAmazon -->
      </class> <!-- testFiles.TC3_LoginToAmazon_SearchProduct_AddToCart -->
      <class name="testFiles.TC4_LoginToAmazon_AddNewAddress_Logout">
        <test-method is-config="true" signature="loginAmazon()[pri:0, instance:testFiles.TC4_LoginToAmazon_AddNewAddress_Logout@f5958c9]" started-at="2025-06-04T16:43:39 IST" name="loginAmazon" finished-at="2025-06-04T16:43:50 IST" duration-ms="10675" status="PASS">
          <reporter-output>
            <line>
              <![CDATA[Browser is successfully launched]]>
            </line>
          </reporter-output>
        </test-method> <!-- loginAmazon -->
        <test-method signature="loginToAmazonAddNewAddressLogout()[pri:0, instance:testFiles.TC4_LoginToAmazon_AddNewAddress_Logout@f5958c9]" started-at="2025-06-04T16:43:50 IST" name="loginToAmazonAddNewAddressLogout" finished-at="2025-06-04T16:44:34 IST" duration-ms="43733" status="PASS">
          <reporter-output>
          </reporter-output>
        </test-method> <!-- loginToAmazonAddNewAddressLogout -->
        <test-method is-config="true" signature="logoutAmazon()[pri:0, instance:testFiles.TC4_LoginToAmazon_AddNewAddress_Logout@f5958c9]" started-at="2025-06-04T16:44:34 IST" name="logoutAmazon" finished-at="2025-06-04T16:44:34 IST" duration-ms="175" status="PASS">
          <reporter-output>
            <line>
              <![CDATA[Browser is successfully closed]]>
            </line>
          </reporter-output>
        </test-method> <!-- logoutAmazon -->
      </class> <!-- testFiles.TC4_LoginToAmazon_AddNewAddress_Logout -->
      <class name="testFiles.TC5_LoginToAmazon_FindBrokenLinksHomepage_Logout">
        <test-method is-config="true" signature="loginAmazon()[pri:0, instance:testFiles.TC5_LoginToAmazon_FindBrokenLinksHomepage_Logout@233795b6]" started-at="2025-06-04T16:44:34 IST" name="loginAmazon" finished-at="2025-06-04T16:44:44 IST" duration-ms="9751" status="PASS">
          <reporter-output>
            <line>
              <![CDATA[Browser is successfully launched]]>
            </line>
          </reporter-output>
        </test-method> <!-- loginAmazon -->
        <test-method signature="brokenLinks()[pri:0, instance:testFiles.TC5_LoginToAmazon_FindBrokenLinksHomepage_Logout@233795b6]" started-at="2025-06-04T16:44:44 IST" name="brokenLinks" finished-at="2025-06-04T16:45:32 IST" duration-ms="48089" status="PASS">
          <reporter-output>
          </reporter-output>
        </test-method> <!-- brokenLinks -->
        <test-method is-config="true" signature="logoutAmazon()[pri:0, instance:testFiles.TC5_LoginToAmazon_FindBrokenLinksHomepage_Logout@233795b6]" started-at="2025-06-04T16:45:32 IST" name="logoutAmazon" finished-at="2025-06-04T16:45:32 IST" duration-ms="179" status="PASS">
          <reporter-output>
            <line>
              <![CDATA[Browser is successfully closed]]>
            </line>
          </reporter-output>
        </test-method> <!-- logoutAmazon -->
      </class> <!-- testFiles.TC5_LoginToAmazon_FindBrokenLinksHomepage_Logout -->
      <class name="testFiles.TC2_LoginToAmazon_SearchProduct_AddToWishlist">
        <test-method is-config="true" signature="loginAmazon()[pri:0, instance:testFiles.TC2_LoginToAmazon_SearchProduct_AddToWishlist@477b4cdf]" started-at="2025-06-04T16:42:15 IST" name="loginAmazon" finished-at="2025-06-04T16:42:25 IST" duration-ms="10180" status="PASS">
          <reporter-output>
            <line>
              <![CDATA[Browser is successfully launched]]>
            </line>
          </reporter-output>
        </test-method> <!-- loginAmazon -->
        <test-method signature="loginToAmazonSearchProductAddwishlist()[pri:0, instance:testFiles.TC2_LoginToAmazon_SearchProduct_AddToWishlist@477b4cdf]" started-at="2025-06-04T16:42:25 IST" name="loginToAmazonSearchProductAddwishlist" finished-at="2025-06-04T16:42:53 IST" duration-ms="28081" status="PASS">
          <reporter-output>
            <line>
              <![CDATA[Moving control from parent to child window]]>
            </line>
          </reporter-output>
        </test-method> <!-- loginToAmazonSearchProductAddwishlist -->
        <test-method is-config="true" signature="logoutAmazon()[pri:0, instance:testFiles.TC2_LoginToAmazon_SearchProduct_AddToWishlist@477b4cdf]" started-at="2025-06-04T16:42:53 IST" name="logoutAmazon" finished-at="2025-06-04T16:42:53 IST" duration-ms="120" status="PASS">
          <reporter-output>
            <line>
              <![CDATA[Browser is successfully closed]]>
            </line>
          </reporter-output>
        </test-method> <!-- logoutAmazon -->
      </class> <!-- testFiles.TC2_LoginToAmazon_SearchProduct_AddToWishlist -->
      <class name="testFiles.TC1_LoginToAmazon">
        <test-method is-config="true" signature="loginAmazon()[pri:0, instance:testFiles.TC1_LoginToAmazon@74235045]" started-at="2025-06-04T16:41:50 IST" name="loginAmazon" finished-at="2025-06-04T16:41:59 IST" duration-ms="9842" status="PASS">
          <reporter-output>
            <line>
              <![CDATA[Browser is successfully launched]]>
            </line>
          </reporter-output>
        </test-method> <!-- loginAmazon -->
        <test-method signature="loginToAmazon()[pri:0, instance:testFiles.TC1_LoginToAmazon@74235045]" started-at="2025-06-04T16:41:59 IST" name="loginToAmazon" finished-at="2025-06-04T16:42:14 IST" duration-ms="14830" status="PASS">
          <reporter-output>
          </reporter-output>
        </test-method> <!-- loginToAmazon -->
        <test-method is-config="true" signature="logoutAmazon()[pri:0, instance:testFiles.TC1_LoginToAmazon@74235045]" started-at="2025-06-04T16:42:14 IST" name="logoutAmazon" finished-at="2025-06-04T16:42:15 IST" duration-ms="276" status="PASS">
          <reporter-output>
            <line>
              <![CDATA[Browser is successfully closed]]>
            </line>
          </reporter-output>
        </test-method> <!-- logoutAmazon -->
      </class> <!-- testFiles.TC1_LoginToAmazon -->
    </test> <!-- Test -->
  </suite> <!-- Suite -->
</testng-results>
